-------------------------------------------------------------------------------
Test set: com.example.schoolmanagement.controller.UserControllerTest
-------------------------------------------------------------------------------
Tests run: 7, Failures: 1, Errors: 0, Skipped: 0, Time elapsed: 0.412 s <<< FAILURE! -- in com.example.schoolmanagement.controller.UserControllerTest
com.example.schoolmanagement.controller.UserControllerTest.testAccessWithAdminRole -- Time elapsed: 0.022 s <<< FAILURE!
java.lang.AssertionError: Status expected:<403> but was:<200>
	at org.springframework.test.util.AssertionErrors.fail(AssertionErrors.java:59)
	at org.springframework.test.util.AssertionErrors.assertEquals(AssertionErrors.java:122)
	at org.springframework.test.web.servlet.result.StatusResultMatchers.lambda$matcher$9(StatusResultMatchers.java:637)
	at org.springframework.test.web.servlet.MockMvc$1.andExpect(MockMvc.java:214)
	at com.example.schoolmanagement.controller.UserControllerTest.testAccessWithAdminRole(UserControllerTest.java:133)
	at java.base/java.lang.reflect.Method.invoke(Method.java:577)
	at java.base/java.util.ArrayList.forEach(ArrayList.java:1511)
	at java.base/java.util.ArrayList.forEach(ArrayList.java:1511)

